TN:
SF:src/controllers/author.controller.ts
FN:5,(anonymous_1)
FN:23,(anonymous_2)
FN:47,(anonymous_3)
FN:70,(anonymous_4)
FN:105,(anonymous_5)
FNF:5
FNH:5
FNDA:2,(anonymous_1)
FNDA:3,(anonymous_2)
FNDA:2,(anonymous_3)
FNDA:2,(anonymous_4)
FNDA:3,(anonymous_5)
DA:3,1
DA:5,1
DA:9,2
DA:10,2
DA:15,1
DA:17,1
DA:23,1
DA:27,3
DA:28,3
DA:29,3
DA:34,2
DA:35,1
DA:36,1
DA:39,1
DA:41,1
DA:47,1
DA:51,2
DA:52,2
DA:54,2
DA:55,1
DA:56,1
DA:59,1
DA:62,1
DA:64,0
DA:70,1
DA:74,2
DA:75,2
DA:76,1
DA:77,1
DA:80,1
DA:81,1
DA:84,1
DA:88,1
DA:89,0
DA:90,0
DA:93,1
DA:97,1
DA:99,0
DA:105,1
DA:109,3
DA:110,3
DA:111,1
DA:112,1
DA:115,2
DA:118,2
DA:122,2
DA:123,1
DA:124,1
DA:127,1
DA:135,1
DA:137,0
LF:51
LH:46
BRDA:34,0,0,1
BRDA:54,1,0,1
BRDA:75,2,0,1
BRDA:88,3,0,0
BRDA:110,4,0,1
BRDA:122,5,0,1
BRF:6
BRH:5
end_of_record
TN:
SF:src/controllers/book.controller.ts
FN:4,(anonymous_1)
FN:22,(anonymous_2)
FN:46,(anonymous_3)
FN:67,(anonymous_4)
FN:101,(anonymous_5)
FNF:5
FNH:5
FNDA:2,(anonymous_1)
FNDA:2,(anonymous_2)
FNDA:2,(anonymous_3)
FNDA:3,(anonymous_4)
FNDA:4,(anonymous_5)
DA:1,1
DA:4,1
DA:8,2
DA:9,2
DA:14,1
DA:16,1
DA:22,1
DA:26,2
DA:27,2
DA:28,2
DA:34,1
DA:35,0
DA:36,0
DA:38,1
DA:40,1
DA:46,1
DA:50,2
DA:51,2
DA:52,2
DA:61,1
DA:63,1
DA:67,1
DA:71,3
DA:72,3
DA:73,1
DA:74,1
DA:77,2
DA:78,2
DA:81,2
DA:85,2
DA:86,1
DA:87,1
DA:89,1
DA:93,1
DA:95,0
DA:101,1
DA:105,4
DA:106,4
DA:107,1
DA:108,1
DA:110,3
DA:112,3
DA:116,2
DA:117,1
DA:118,1
DA:121,1
DA:124,1
DA:126,1
LF:48
LH:45
BRDA:34,0,0,0
BRDA:72,1,0,1
BRDA:85,2,0,1
BRDA:106,3,0,1
BRDA:116,4,0,1
BRF:5
BRH:4
end_of_record
