{"/Users/aymendamak/Desktop/my-work/nodejs/books-api/src/controllers/author.controller.ts": {"path":"/Users/aymendamak/Desktop/my-work/nodejs/books-api/src/controllers/author.controller.ts","statementMap":{"0":{"start":{"line":3,"column":0},"end":{"line":3,"column":41}},"1":{"start":{"line":5,"column":26},"end":{"line":21,"column":1}},"2":{"start":{"line":9,"column":2},"end":{"line":20,"column":3}},"3":{"start":{"line":10,"column":20},"end":{"line":14,"column":6}},"4":{"start":{"line":15,"column":4},"end":{"line":15,"column":44}},"5":{"start":{"line":17,"column":4},"end":{"line":19,"column":74}},"6":{"start":{"line":5,"column":13},"end":{"line":5,"column":26}},"7":{"start":{"line":23,"column":29},"end":{"line":45,"column":1}},"8":{"start":{"line":27,"column":2},"end":{"line":44,"column":3}},"9":{"start":{"line":28,"column":19},"end":{"line":28,"column":29}},"10":{"start":{"line":29,"column":19},"end":{"line":32,"column":6}},"11":{"start":{"line":34,"column":4},"end":{"line":37,"column":5}},"12":{"start":{"line":35,"column":6},"end":{"line":35,"column":58}},"13":{"start":{"line":36,"column":6},"end":{"line":36,"column":13}},"14":{"start":{"line":39,"column":4},"end":{"line":39,"column":43}},"15":{"start":{"line":41,"column":4},"end":{"line":43,"column":73}},"16":{"start":{"line":23,"column":13},"end":{"line":23,"column":29}},"17":{"start":{"line":47,"column":28},"end":{"line":68,"column":1}},"18":{"start":{"line":51,"column":2},"end":{"line":67,"column":3}},"19":{"start":{"line":52,"column":31},"end":{"line":52,"column":39}},"20":{"start":{"line":54,"column":4},"end":{"line":57,"column":5}},"21":{"start":{"line":55,"column":6},"end":{"line":55,"column":65}},"22":{"start":{"line":56,"column":6},"end":{"line":56,"column":13}},"23":{"start":{"line":59,"column":19},"end":{"line":61,"column":6}},"24":{"start":{"line":62,"column":4},"end":{"line":62,"column":43}},"25":{"start":{"line":64,"column":4},"end":{"line":66,"column":74}},"26":{"start":{"line":47,"column":13},"end":{"line":47,"column":28}},"27":{"start":{"line":70,"column":32},"end":{"line":98,"column":1}},"28":{"start":{"line":74,"column":2},"end":{"line":97,"column":3}},"29":{"start":{"line":75,"column":19},"end":{"line":75,"column":29}},"30":{"start":{"line":76,"column":23},"end":{"line":76,"column":31}},"31":{"start":{"line":79,"column":27},"end":{"line":81,"column":6}},"32":{"start":{"line":83,"column":4},"end":{"line":86,"column":5}},"33":{"start":{"line":84,"column":6},"end":{"line":84,"column":58}},"34":{"start":{"line":85,"column":6},"end":{"line":85,"column":13}},"35":{"start":{"line":88,"column":19},"end":{"line":91,"column":6}},"36":{"start":{"line":92,"column":4},"end":{"line":92,"column":43}},"37":{"start":{"line":94,"column":4},"end":{"line":96,"column":74}},"38":{"start":{"line":70,"column":13},"end":{"line":70,"column":32}},"39":{"start":{"line":100,"column":32},"end":{"line":131,"column":1}},"40":{"start":{"line":104,"column":2},"end":{"line":130,"column":3}},"41":{"start":{"line":105,"column":19},"end":{"line":105,"column":29}},"42":{"start":{"line":108,"column":27},"end":{"line":110,"column":6}},"43":{"start":{"line":112,"column":4},"end":{"line":115,"column":5}},"44":{"start":{"line":113,"column":6},"end":{"line":113,"column":58}},"45":{"start":{"line":114,"column":6},"end":{"line":114,"column":13}},"46":{"start":{"line":117,"column":4},"end":{"line":124,"column":7}},"47":{"start":{"line":125,"column":4},"end":{"line":125,"column":69}},"48":{"start":{"line":127,"column":4},"end":{"line":129,"column":74}},"49":{"start":{"line":100,"column":13},"end":{"line":100,"column":32}}},"fnMap":{"0":{"name":"(anonymous_1)","decl":{"start":{"line":5,"column":26},"end":{"line":5,"column":31}},"loc":{"start":{"line":8,"column":19},"end":{"line":21,"column":1}}},"1":{"name":"(anonymous_2)","decl":{"start":{"line":23,"column":29},"end":{"line":23,"column":34}},"loc":{"start":{"line":26,"column":19},"end":{"line":45,"column":1}}},"2":{"name":"(anonymous_3)","decl":{"start":{"line":47,"column":28},"end":{"line":47,"column":33}},"loc":{"start":{"line":50,"column":19},"end":{"line":68,"column":1}}},"3":{"name":"(anonymous_4)","decl":{"start":{"line":70,"column":32},"end":{"line":70,"column":37}},"loc":{"start":{"line":73,"column":19},"end":{"line":98,"column":1}}},"4":{"name":"(anonymous_5)","decl":{"start":{"line":100,"column":32},"end":{"line":100,"column":37}},"loc":{"start":{"line":103,"column":19},"end":{"line":131,"column":1}}}},"branchMap":{"0":{"loc":{"start":{"line":34,"column":4},"end":{"line":37,"column":5}},"type":"if","locations":[{"start":{"line":34,"column":4},"end":{"line":37,"column":5}}]},"1":{"loc":{"start":{"line":54,"column":4},"end":{"line":57,"column":5}},"type":"if","locations":[{"start":{"line":54,"column":4},"end":{"line":57,"column":5}}]},"2":{"loc":{"start":{"line":83,"column":4},"end":{"line":86,"column":5}},"type":"if","locations":[{"start":{"line":83,"column":4},"end":{"line":86,"column":5}}]},"3":{"loc":{"start":{"line":112,"column":4},"end":{"line":115,"column":5}},"type":"if","locations":[{"start":{"line":112,"column":4},"end":{"line":115,"column":5}}]}},"s":{"0":1,"1":1,"2":2,"3":2,"4":1,"5":1,"6":1,"7":1,"8":3,"9":3,"10":3,"11":2,"12":1,"13":1,"14":1,"15":1,"16":1,"17":1,"18":2,"19":2,"20":2,"21":1,"22":1,"23":1,"24":1,"25":0,"26":1,"27":1,"28":2,"29":2,"30":1,"31":1,"32":1,"33":0,"34":0,"35":1,"36":1,"37":1,"38":1,"39":1,"40":3,"41":3,"42":2,"43":2,"44":1,"45":1,"46":1,"47":1,"48":1,"49":1},"f":{"0":2,"1":3,"2":2,"3":2,"4":3},"b":{"0":[1],"1":[1],"2":[0],"3":[1]}}
,"/Users/aymendamak/Desktop/my-work/nodejs/books-api/src/controllers/book.controller.ts": {"path":"/Users/aymendamak/Desktop/my-work/nodejs/books-api/src/controllers/book.controller.ts","statementMap":{"0":{"start":{"line":1,"column":0},"end":{"line":1,"column":41}},"1":{"start":{"line":4,"column":24},"end":{"line":20,"column":1}},"2":{"start":{"line":8,"column":2},"end":{"line":19,"column":3}},"3":{"start":{"line":9,"column":18},"end":{"line":13,"column":6}},"4":{"start":{"line":14,"column":4},"end":{"line":14,"column":42}},"5":{"start":{"line":16,"column":4},"end":{"line":18,"column":72}},"6":{"start":{"line":4,"column":13},"end":{"line":4,"column":24}},"7":{"start":{"line":22,"column":27},"end":{"line":44,"column":1}},"8":{"start":{"line":26,"column":2},"end":{"line":43,"column":3}},"9":{"start":{"line":27,"column":19},"end":{"line":27,"column":29}},"10":{"start":{"line":28,"column":17},"end":{"line":32,"column":6}},"11":{"start":{"line":34,"column":4},"end":{"line":37,"column":5}},"12":{"start":{"line":35,"column":6},"end":{"line":35,"column":56}},"13":{"start":{"line":36,"column":6},"end":{"line":36,"column":13}},"14":{"start":{"line":38,"column":4},"end":{"line":38,"column":41}},"15":{"start":{"line":40,"column":4},"end":{"line":42,"column":73}},"16":{"start":{"line":22,"column":13},"end":{"line":22,"column":27}},"17":{"start":{"line":46,"column":26},"end":{"line":65,"column":1}},"18":{"start":{"line":50,"column":19},"end":{"line":50,"column":27}},"19":{"start":{"line":51,"column":2},"end":{"line":64,"column":3}},"20":{"start":{"line":52,"column":17},"end":{"line":60,"column":6}},"21":{"start":{"line":61,"column":4},"end":{"line":61,"column":41}},"22":{"start":{"line":63,"column":4},"end":{"line":63,"column":47}},"23":{"start":{"line":46,"column":13},"end":{"line":46,"column":26}},"24":{"start":{"line":67,"column":30},"end":{"line":94,"column":1}},"25":{"start":{"line":71,"column":2},"end":{"line":93,"column":3}},"26":{"start":{"line":72,"column":19},"end":{"line":72,"column":29}},"27":{"start":{"line":73,"column":21},"end":{"line":73,"column":29}},"28":{"start":{"line":76,"column":25},"end":{"line":78,"column":6}},"29":{"start":{"line":80,"column":4},"end":{"line":83,"column":5}},"30":{"start":{"line":81,"column":6},"end":{"line":81,"column":56}},"31":{"start":{"line":82,"column":6},"end":{"line":82,"column":13}},"32":{"start":{"line":84,"column":17},"end":{"line":87,"column":6}},"33":{"start":{"line":88,"column":4},"end":{"line":88,"column":41}},"34":{"start":{"line":90,"column":4},"end":{"line":92,"column":72}},"35":{"start":{"line":67,"column":13},"end":{"line":67,"column":30}},"36":{"start":{"line":96,"column":30},"end":{"line":121,"column":1}},"37":{"start":{"line":100,"column":2},"end":{"line":120,"column":3}},"38":{"start":{"line":101,"column":19},"end":{"line":101,"column":29}},"39":{"start":{"line":103,"column":27},"end":{"line":105,"column":6}},"40":{"start":{"line":107,"column":4},"end":{"line":110,"column":5}},"41":{"start":{"line":108,"column":6},"end":{"line":108,"column":56}},"42":{"start":{"line":109,"column":6},"end":{"line":109,"column":13}},"43":{"start":{"line":112,"column":4},"end":{"line":114,"column":7}},"44":{"start":{"line":115,"column":4},"end":{"line":115,"column":27}},"45":{"start":{"line":117,"column":4},"end":{"line":119,"column":74}},"46":{"start":{"line":96,"column":13},"end":{"line":96,"column":30}}},"fnMap":{"0":{"name":"(anonymous_1)","decl":{"start":{"line":4,"column":24},"end":{"line":4,"column":29}},"loc":{"start":{"line":7,"column":19},"end":{"line":20,"column":1}}},"1":{"name":"(anonymous_2)","decl":{"start":{"line":22,"column":27},"end":{"line":22,"column":32}},"loc":{"start":{"line":25,"column":19},"end":{"line":44,"column":1}}},"2":{"name":"(anonymous_3)","decl":{"start":{"line":46,"column":26},"end":{"line":46,"column":31}},"loc":{"start":{"line":49,"column":19},"end":{"line":65,"column":1}}},"3":{"name":"(anonymous_4)","decl":{"start":{"line":67,"column":30},"end":{"line":67,"column":35}},"loc":{"start":{"line":70,"column":19},"end":{"line":94,"column":1}}},"4":{"name":"(anonymous_5)","decl":{"start":{"line":96,"column":30},"end":{"line":96,"column":35}},"loc":{"start":{"line":99,"column":19},"end":{"line":121,"column":1}}}},"branchMap":{"0":{"loc":{"start":{"line":34,"column":4},"end":{"line":37,"column":5}},"type":"if","locations":[{"start":{"line":34,"column":4},"end":{"line":37,"column":5}}]},"1":{"loc":{"start":{"line":80,"column":4},"end":{"line":83,"column":5}},"type":"if","locations":[{"start":{"line":80,"column":4},"end":{"line":83,"column":5}}]},"2":{"loc":{"start":{"line":107,"column":4},"end":{"line":110,"column":5}},"type":"if","locations":[{"start":{"line":107,"column":4},"end":{"line":110,"column":5}}]}},"s":{"0":1,"1":1,"2":2,"3":2,"4":1,"5":1,"6":1,"7":1,"8":2,"9":2,"10":2,"11":1,"12":0,"13":0,"14":1,"15":1,"16":1,"17":1,"18":0,"19":0,"20":0,"21":0,"22":0,"23":1,"24":1,"25":0,"26":0,"27":0,"28":0,"29":0,"30":0,"31":0,"32":0,"33":0,"34":0,"35":1,"36":1,"37":0,"38":0,"39":0,"40":0,"41":0,"42":0,"43":0,"44":0,"45":0,"46":1},"f":{"0":2,"1":2,"2":0,"3":0,"4":0},"b":{"0":[0],"1":[0],"2":[0]}}
}
